Arguments: 
  /usr/local/bin/node /usr/local/bin/yarn add -D parcel-bundler

PATH: 
  /opt/homebrew/bin:/opt/homebrew/sbin:/opt/local/bin:/opt/local/sbin:/usr/local/bin:/System/Cryptexes/App/usr/bin:/usr/bin:/bin:/usr/sbin:/sbin:/Users/mark/bin/Sencha/Cmd/6.5.3.6:/opt/X11/bin:/Library/Frameworks/Mono.framework/Versions/Current/Commands:/opt/homebrew/bin:/opt/homebrew/sbin:/opt/local/bin:/opt/local/sbin

Yarn version: 
  1.22.10

Node version: 
  16.5.0

Platform: 
  darwin arm64

Trace: 
  Error: EACCES: permission denied, unlink '/Users/mark/Desktop/MARK/MakudesUI/node_modules/.yarn-integrity'

npm manifest: 
  {
  	"name": "makdues-ui",
  	"version": "0.0.1",
  	"description": "MakudesUI ",
  	"main": "index.js",
  	"repository": "https://github.com/markWIMPER/MakduesUI.git",
  	"author": "markWIMPER <cc947331424@icloud.com>",
  	"license": "MIT",
  	"dependencies": {
  		"vue": "2.5.16"
  	}
  }

yarn manifest: 
  No manifest

Lockfile: 
  # THIS IS AN AUTOGENERATED FILE. DO NOT EDIT THIS FILE DIRECTLY.
  # yarn lockfile v1
  
  
  vue@2.5.16:
    version "2.5.16"
    resolved "https://registry.npmmirror.com/vue/-/vue-2.5.16.tgz#07edb75e8412aaeed871ebafa99f4672584a0085"
    integrity sha512-/ffmsiVuPC8PsWcFkZngdpas19ABm5mh2wA7iDqcltyCTwlgZjHGeJYOXkBMo422iPwIcviOtrTCUpSfXmToLQ==
